Added Component: Designator=JP1(HDR2.54-LI-2x10P)
Add component (AddParameter): Name = "BOM名称"; Value = "10*2P接插件"; VariantName = "[No Variations]"
Add component (AddParameter): Name = "封装库来自淘宝卖家 ID：黄晶宝石"; Value = "其他店铺购入均为盗版假冒封装库"; VariantName = "[No Variations]"
Add component (AddParameter): Name = "联系卖家，免费查找封装"; Value = "唯一出售店铺网址https://shop463601444.taobao.com"; VariantName = "[No Variations]"
Added Component: Designator=JP2(HDR2.54-LI-2x10P)
Add component (AddParameter): Name = "BOM名称"; Value = "10*2P接插件"; VariantName = "[No Variations]"
Add component (AddParameter): Name = "封装库来自淘宝卖家 ID：黄晶宝石"; Value = "其他店铺购入均为盗版假冒封装库"; VariantName = "[No Variations]"
Add component (AddParameter): Name = "联系卖家，免费查找封装"; Value = "唯一出售店铺网址https://shop463601444.taobao.com"; VariantName = "[No Variations]"
Added Pin To Net: NetName=5V Pin=JP1-13
Added Pin To Net: NetName=5V Pin=JP1-15
Added Pin To Net: NetName=5V Pin=JP1-17
Added Pin To Net: NetName=5V Pin=JP1-19
Added Net: Name=5V
Added Pin To Net: NetName=ADC_IA Pin=JP2-12
Added Net: Name=ADC_IA
Added Pin To Net: NetName=ADC_IB Pin=JP2-14
Added Net: Name=ADC_IB
Added Pin To Net: NetName=ADC_IC Pin=JP2-16
Added Net: Name=ADC_IC
Added Pin To Net: NetName=ADC_TEMP Pin=JP2-6
Added Net: Name=ADC_TEMP
Added Pin To Net: NetName=ADC_VIN Pin=JP2-10
Added Net: Name=ADC_VIN
Added Pin To Net: NetName=GNDA Pin=JP2-4
Added Net: Name=GNDA
Added Pin To Net: NetName=PGND Pin=JP1-2
Added Pin To Net: NetName=PGND Pin=JP1-4
Added Pin To Net: NetName=PGND Pin=JP1-6
Added Pin To Net: NetName=PGND Pin=JP1-8
Added Pin To Net: NetName=PGND Pin=JP1-10
Added Pin To Net: NetName=PGND Pin=JP1-12
Added Pin To Net: NetName=PGND Pin=JP1-14
Added Pin To Net: NetName=PGND Pin=JP1-16
Added Pin To Net: NetName=PGND Pin=JP1-18
Added Pin To Net: NetName=PGND Pin=JP1-20
Added Pin To Net: NetName=PGND Pin=JP2-1
Added Pin To Net: NetName=PGND Pin=JP2-3
Added Pin To Net: NetName=PGND Pin=JP2-5
Added Pin To Net: NetName=PGND Pin=JP2-7
Added Pin To Net: NetName=PGND Pin=JP2-9
Added Pin To Net: NetName=PGND Pin=JP2-11
Added Pin To Net: NetName=PGND Pin=JP2-13
Added Pin To Net: NetName=PGND Pin=JP2-15
Added Pin To Net: NetName=PGND Pin=JP2-17
Added Pin To Net: NetName=PGND Pin=JP2-18
Added Pin To Net: NetName=PGND Pin=JP2-19
Added Pin To Net: NetName=PGND Pin=JP2-20
Added Net: Name=PGND
Added Pin To Net: NetName=PWM_AH Pin=JP1-11
Added Net: Name=PWM_AH
Added Pin To Net: NetName=PWM_AL Pin=JP1-5
Added Net: Name=PWM_AL
Added Pin To Net: NetName=PWM_BH Pin=JP1-9
Added Net: Name=PWM_BH
Added Pin To Net: NetName=PWM_BL Pin=JP1-3
Added Net: Name=PWM_BL
Added Pin To Net: NetName=PWM_CH Pin=JP1-7
Added Net: Name=PWM_CH
Added Pin To Net: NetName=PWM_CL Pin=JP1-1
Added Net: Name=PWM_CL
Added Pin To Net: NetName=VDDA/2 Pin=JP2-2
Added Net: Name=VDDA/2
Added Pin To Net: NetName=VDDA Pin=JP2-8
Added Net: Name=VDDA
Added Class: Name=Controller
