Removed Pin From Net: NetName=PGND Pin=C15-1
Removed Pin From Net: NetName=VIN_LINK Pin=C15-2
Removed Pin From Net: NetName=PGND Pin=C16-1
Removed Pin From Net: NetName=VIN_LINK Pin=C16-2
Removed Member From Class: ClassName=Power Member=C33
Removed Member From Class: ClassName=Power Member=C34
Removed Member From Class: ClassName=Power Member=C35
Removed Member From Class: ClassName=Power Member=C36
Removed Member From Class: ClassName=Power Member=C37
Removed Member From Class: ClassName=Power Member=C38
Removed Member From Class: ClassName=Power Member=C39
Change Component Designator: OldDesignator=C17 NewDesignator=C15
Change Component Designator: OldDesignator=C18 NewDesignator=C16
Change Component Designator: OldDesignator=C19 NewDesignator=C17
Change Component Designator: OldDesignator=C20 NewDesignator=C18
Change Component Designator: OldDesignator=C21 NewDesignator=C19
Change Component Designator: OldDesignator=C22 NewDesignator=C20
Change Component Designator: OldDesignator=C23 NewDesignator=C21
Change Component Designator: OldDesignator=C24 NewDesignator=C22
Change Component Designator: OldDesignator=C25 NewDesignator=C23
Change Component Designator: OldDesignator=C26 NewDesignator=C24
Change Component Designator: OldDesignator=C27 NewDesignator=C25
Change Component Designator: OldDesignator=C28 NewDesignator=C26
Change Component Designator: OldDesignator=C29 NewDesignator=C27
Change Component Designator: OldDesignator=C30 NewDesignator=C28
Change Component Designator: OldDesignator=C31 NewDesignator=C29
Change Component Designator: OldDesignator=C32 NewDesignator=C30
Change Component Designator: OldDesignator=C33 NewDesignator=C31
Change Component Designator: OldDesignator=C34 NewDesignator=C32
Change Component Designator: OldDesignator=C35 NewDesignator=C33
Change Component Designator: OldDesignator=C36 NewDesignator=C34
Change Component Designator: OldDesignator=C37 NewDesignator=C35
Change Component Designator: OldDesignator=C38 NewDesignator=C36
Change Component Designator: OldDesignator=C39 NewDesignator=C37
Change Net Name : Old Net Name=NetC17_1 New Net Name=NetC15_1
Change Net Name : Old Net Name=NetC17_2 New Net Name=NetC15_2
Change Net Name : Old Net Name=NetC18_2 New Net Name=NetC16_2
Change Net Name : Old Net Name=NetC22_1 New Net Name=NetC20_1
Change Net Name : Old Net Name=NetC22_2 New Net Name=NetC20_2
Change Net Name : Old Net Name=NetC24_2 New Net Name=NetC22_2
Change Net Name : Old Net Name=NetC30_1 New Net Name=NetC28_1
Change Net Name : Old Net Name=NetC30_2 New Net Name=NetC28_2
Change Net Name : Old Net Name=NetC32_2 New Net Name=NetC30_2
Change Net Name : Old Net Name=NetC33_2 New Net Name=NetC31_2
Change Net Name : Old Net Name=NetC34_2 New Net Name=NetC32_2
Change Net Name : Old Net Name=NetC35_2 New Net Name=NetC33_2
Added Member To Class: ClassName=Power Member=Component C9 10uF/100V
Added Member To Class: ClassName=Power Member=Component C10 10uF/100V
Added Member To Class: ClassName=Power Member=Component C11 10uF/100V
Added Member To Class: ClassName=Power Member=Component C12 10uF/100V
Added Member To Class: ClassName=Power Member=Component C13 10uF/100V
Added Member To Class: ClassName=Power Member=Component C14 10uF/100V
Added Member To Class: ClassName=Power Member=Component C15 100nF/100V
Added Member To Class: ClassName=Power Member=Component C16 150pF/50V
Added Member To Class: ClassName=Power Member=Component C17 2.2uF/100V
Added Member To Class: ClassName=Power Member=Component C18 2.2uF/100V
Added Member To Class: ClassName=Power Member=Component C19 100nF/100V
Added Member To Class: ClassName=Power Member=Component C20 100nF/100V
Added Member To Class: ClassName=Power Member=Component C21 22uF/16V
Added Member To Class: ClassName=Power Member=Component C22 100pF/50V
Added Member To Class: ClassName=Power Member=Component C23 2.2uF/100V
Added Member To Class: ClassName=Power Member=Component C24 2.2uF/100V
Added Member To Class: ClassName=Power Member=Component C25 100nF/100V
Added Member To Class: ClassName=Power Member=Component C26 22uF/25V
Added Member To Class: ClassName=Power Member=Component C27 22uF/25V
Added Member To Class: ClassName=Power Member=Component C28 100nF/100V
Added Member To Class: ClassName=Power Member=Component C29 1uF/10V
