Change Component Footprint: Designator=C7 Old Footprint=C 0402_L New Footprint=C 0805_L
Change Component Footprint: Designator=C11 Old Footprint=C 0402_L New Footprint=C 0805_L
Change Component Footprint: Designator=C17 Old Footprint=C 0402_L New Footprint=C 0805_L
Change Component Footprint: Designator=C23 Old Footprint=C 0402_L New Footprint=C 0805_L
Change Component Footprint: Designator=C24 Old Footprint=C 0402_L New Footprint=C 0805_L
Change Component Footprint: Designator=C25 Old Footprint=C 0402_L New Footprint=C 0805_L
Change Component Footprint: Designator=C8 Old Footprint=C 0805_L New Footprint=C 0402_L
Change Component Footprint: Designator=C14 Old Footprint=C 0805_L New Footprint=C 0402_L
Change Component Footprint: Designator=C21 Old Footprint=C 0805_L New Footprint=C 0402_L
Change Component Footprint: Designator=C18 Old Footprint=C 0805_L New Footprint=C 1206_L
Change Component Footprint: Designator=C19 Old Footprint=C 0805_L New Footprint=C 1206_L
Change Component Footprint: Designator=C9 Old Footprint=C 0805_L New Footprint=C 1210_L
Change Component Footprint: Designator=C10 Old Footprint=C 0805_L New Footprint=C 1210_L
Change Component Footprint: Designator=C15 Old Footprint=C 0805_L New Footprint=C 1210_L
Change Component Footprint: Designator=C16 Old Footprint=C 0805_L New Footprint=C 1210_L
Change Component Footprint: Designator=R7 Old Footprint=R 0805_L New Footprint=R 0402_L
Change Component Footprint: Designator=R13 Old Footprint=R 0805_L New Footprint=R 0402_L
Change Component Footprint: Designator=R14 Old Footprint=R 0805_L New Footprint=R 0402_L
Change Component Footprint: Designator=R15 Old Footprint=R 0805_L New Footprint=R 0402_L
Change Component Footprint: Designator=R16 Old Footprint=R 0805_L New Footprint=R 0402_L
Change Component Footprint: Designator=R17 Old Footprint=R 0805_L New Footprint=R 0402_L
Change Component Footprint: Designator=R18 Old Footprint=R 0805_L New Footprint=R 0402_L
Change Component Footprint: Designator=R19 Old Footprint=R 0805_L New Footprint=R 1206_L
Change Component Footprint: Designator=R20 Old Footprint=R 0805_L New Footprint=R 1206_L
Change Component Footprint: Designator=R21 Old Footprint=R 0805_L New Footprint=R 1206_L
Change Component Footprint: Designator=R22 Old Footprint=R 0805_L New Footprint=R 2512_L
Change Component Comment : Designator=C21 Old Comment=1uF New Comment=1uF/10V
Change Component Comment : Designator=C9 Old Comment=2.2uF New Comment=2.2uF/100V
Change Component Comment : Designator=C10 Old Comment=2.2uF New Comment=2.2uF/100V
Change Component Comment : Designator=C15 Old Comment=2.2uF New Comment=2.2uF/100V
Change Component Comment : Designator=C16 Old Comment=2.2uF New Comment=2.2uF/100V
Change Component Comment : Designator=C1 Old Comment=10uF 100V New Comment=10uF/100V
Change Component Comment : Designator=C2 Old Comment=10uF 100V New Comment=10uF/100V
Change Component Comment : Designator=C3 Old Comment=10uF 100V New Comment=10uF/100V
Change Component Comment : Designator=C4 Old Comment=10uF 100V New Comment=10uF/100V
Change Component Comment : Designator=C5 Old Comment=10uF 100V New Comment=10uF/100V
Change Component Comment : Designator=C6 Old Comment=10uF 100V New Comment=10uF/100V
Change Component Comment : Designator=C23 Old Comment=10uF New Comment=10uF/25V
Change Component Comment : Designator=C24 Old Comment=10uF New Comment=10uF/25V
Change Component Comment : Designator=C25 Old Comment=10uF New Comment=10uF/25V
Change Component Comment : Designator=C13 Old Comment=22uF New Comment=22uF/16V
Change Component Comment : Designator=C18 Old Comment=22uF New Comment=22uF/25V
Change Component Comment : Designator=C19 Old Comment=22uF New Comment=22uF/25V
Change Component Comment : Designator=C22 Old Comment=100nF New Comment=100nF/50V
Change Component Comment : Designator=C27 Old Comment=100nF New Comment=100nF/50V
Change Component Comment : Designator=C28 Old Comment=100nF New Comment=100nF/50V
Change Component Comment : Designator=C29 Old Comment=100nF New Comment=100nF/50V
Change Component Comment : Designator=C30 Old Comment=100nF New Comment=100nF/50V
Change Component Comment : Designator=C7 Old Comment=100nF New Comment=100nF/100V
Change Component Comment : Designator=C11 Old Comment=100nF New Comment=100nF/100V
Change Component Comment : Designator=C17 Old Comment=100nF New Comment=100nF/100V
Change Component Comment : Designator=C14 Old Comment=100pF New Comment=100pF/50V
Change Component Comment : Designator=C8 Old Comment=150pF New Comment=150pF/50V
Change Component Comment : Designator=R2 Old Comment=271k New Comment=270k
Add Pin To Net: Unknown Pin: Pin D3-A
Add Pin To Net: Unknown Pin: Pin D3-K
Add Pin To Net: Unknown Pin: Pin D4-A
Add Pin To Net: Unknown Pin: Pin D4-K
Add Pin To Net: Unknown Pin: Pin D5-A
Add Pin To Net: Unknown Pin: Pin D5-K
