Removed Pin From Net: NetName=PGND Pin=JP1-1
Removed Pin From Net: NetName=PWM_CL Pin=JP1-2
Removed Pin From Net: NetName=PGND Pin=JP1-3
Removed Pin From Net: NetName=PWM_BL Pin=JP1-4
Removed Pin From Net: NetName=PGND Pin=JP1-5
Removed Pin From Net: NetName=PWM_AL Pin=JP1-6
Removed Pin From Net: NetName=PGND Pin=JP1-7
Removed Pin From Net: NetName=PWM_CH Pin=JP1-8
Removed Pin From Net: NetName=PGND Pin=JP1-9
Removed Pin From Net: NetName=PWM_BH Pin=JP1-10
Removed Pin From Net: NetName=PGND Pin=JP1-11
Removed Pin From Net: NetName=PWM_AH Pin=JP1-12
Removed Pin From Net: NetName=PGND Pin=JP1-13
Removed Pin From Net: NetName=5V Pin=JP1-14
Removed Pin From Net: NetName=PGND Pin=JP1-15
Removed Pin From Net: NetName=5V Pin=JP1-16
Removed Pin From Net: NetName=PGND Pin=JP1-17
Removed Pin From Net: NetName=5V Pin=JP1-18
Removed Pin From Net: NetName=PGND Pin=JP1-19
Removed Pin From Net: NetName=5V Pin=JP1-20
Removed Pin From Net: NetName=VDDA/2 Pin=JP2-1
Removed Pin From Net: NetName=PGND Pin=JP2-2
Removed Pin From Net: NetName=GNDA Pin=JP2-3
Removed Pin From Net: NetName=PGND Pin=JP2-4
Removed Pin From Net: NetName=ADC_TEMP Pin=JP2-5
Removed Pin From Net: NetName=PGND Pin=JP2-6
Removed Pin From Net: NetName=VDDA Pin=JP2-7
Removed Pin From Net: NetName=PGND Pin=JP2-8
Removed Pin From Net: NetName=ADC_VIN Pin=JP2-9
Removed Pin From Net: NetName=PGND Pin=JP2-10
Removed Pin From Net: NetName=ADC_IA Pin=JP2-11
Removed Pin From Net: NetName=PGND Pin=JP2-12
Removed Pin From Net: NetName=ADC_IB Pin=JP2-13
Removed Pin From Net: NetName=PGND Pin=JP2-14
Removed Pin From Net: NetName=ADC_IC Pin=JP2-15
Removed Pin From Net: NetName=PGND Pin=JP2-16
Added Pin To Net: NetName=PWM_CL Pin=JP1-1
Added Pin To Net: NetName=PGND Pin=JP1-2
Added Pin To Net: NetName=PWM_BL Pin=JP1-3
Added Pin To Net: NetName=PGND Pin=JP1-4
Added Pin To Net: NetName=PWM_AL Pin=JP1-5
Added Pin To Net: NetName=PGND Pin=JP1-6
Added Pin To Net: NetName=PWM_CH Pin=JP1-7
Added Pin To Net: NetName=PGND Pin=JP1-8
Added Pin To Net: NetName=PWM_BH Pin=JP1-9
Added Pin To Net: NetName=PGND Pin=JP1-10
Added Pin To Net: NetName=PWM_AH Pin=JP1-11
Added Pin To Net: NetName=PGND Pin=JP1-12
Added Pin To Net: NetName=5V Pin=JP1-13
Added Pin To Net: NetName=PGND Pin=JP1-14
Added Pin To Net: NetName=5V Pin=JP1-15
Added Pin To Net: NetName=PGND Pin=JP1-16
Added Pin To Net: NetName=5V Pin=JP1-17
Added Pin To Net: NetName=PGND Pin=JP1-18
Added Pin To Net: NetName=5V Pin=JP1-19
Added Pin To Net: NetName=PGND Pin=JP1-20
Added Pin To Net: NetName=PGND Pin=JP2-1
Added Pin To Net: NetName=VDDA/2 Pin=JP2-2
Added Pin To Net: NetName=PGND Pin=JP2-3
Added Pin To Net: NetName=GNDA Pin=JP2-4
Added Pin To Net: NetName=PGND Pin=JP2-5
Added Pin To Net: NetName=ADC_TEMP Pin=JP2-6
Added Pin To Net: NetName=PGND Pin=JP2-7
Added Pin To Net: NetName=VDDA Pin=JP2-8
Added Pin To Net: NetName=PGND Pin=JP2-9
Added Pin To Net: NetName=ADC_VIN Pin=JP2-10
Added Pin To Net: NetName=PGND Pin=JP2-11
Added Pin To Net: NetName=ADC_IA Pin=JP2-12
Added Pin To Net: NetName=PGND Pin=JP2-13
Added Pin To Net: NetName=ADC_IB Pin=JP2-14
Added Pin To Net: NetName=PGND Pin=JP2-15
Added Pin To Net: NetName=ADC_IC Pin=JP2-16
