Removed Pin From Net: NetName=PGND Pin=C7-2
Removed Pin From Net: NetName=PGND Pin=D1-1
Removed Pin From Net: NetName=PGND Pin=U1-2
Removed Pin From Net: NetName=PGND Pin=U1-3
Change Component Footprint: Designator=D1 Old Footprint=FP-SMBJ-CA-MFG New Footprint=SOD-323
Change Component Comment : Designator=D1 Old Comment=SMBJ48CA New Comment=B16WS
Change Component Designator: OldDesignator=C1 NewDesignator=C3
Change Component Designator: OldDesignator=C2 NewDesignator=C4
Change Component Designator: OldDesignator=C3 NewDesignator=C5
Change Component Designator: OldDesignator=C4 NewDesignator=C6
Change Component Designator: OldDesignator=C5 NewDesignator=C7
Change Component Designator: OldDesignator=C6 NewDesignator=C8
Change Component Designator: OldDesignator=C7 NewDesignator=C9
Change Component Designator: OldDesignator=C8 NewDesignator=C10
Change Component Designator: OldDesignator=C9 NewDesignator=C11
Change Component Designator: OldDesignator=C10 NewDesignator=C12
Change Component Designator: OldDesignator=C11 NewDesignator=C13
Change Component Designator: OldDesignator=C12 NewDesignator=C14
Change Component Designator: OldDesignator=C13 NewDesignator=C15
Change Component Designator: OldDesignator=C14 NewDesignator=C16
Change Component Designator: OldDesignator=C15 NewDesignator=C17
Change Component Designator: OldDesignator=C16 NewDesignator=C18
Change Component Designator: OldDesignator=C17 NewDesignator=C19
Change Component Designator: OldDesignator=C18 NewDesignator=C20
Change Component Designator: OldDesignator=C19 NewDesignator=C21
Change Component Designator: OldDesignator=C20 NewDesignator=C22
Change Component Designator: OldDesignator=C21 NewDesignator=C23
Change Component Designator: OldDesignator=C22 NewDesignator=C24
Change Component Designator: OldDesignator=C23 NewDesignator=C25
Change Component Designator: OldDesignator=C24 NewDesignator=C26
Change Component Designator: OldDesignator=C25 NewDesignator=C27
Change Component Designator: OldDesignator=C26 NewDesignator=C28
Change Component Designator: OldDesignator=C27 NewDesignator=C29
Change Component Designator: OldDesignator=C28 NewDesignator=C30
Change Component Designator: OldDesignator=C29 NewDesignator=C31
Change Component Designator: OldDesignator=D2 NewDesignator=D4
Change Component Designator: OldDesignator=D3 NewDesignator=D5
Change Component Designator: OldDesignator=D4 NewDesignator=D6
Change Component Designator: OldDesignator=D5 NewDesignator=D7
Change Component Designator: OldDesignator=R8 NewDesignator=R9
Change Component Designator: OldDesignator=R9 NewDesignator=R8
Change Component Designator: OldDesignator=R10 NewDesignator=R11
Change Component Designator: OldDesignator=R11 NewDesignator=R10
Change Component Designator: OldDesignator=U2 NewDesignator=U3
Change Component Designator: OldDesignator=U3 NewDesignator=U2
Change Managed Component Library Link : Designator=D1 Old VaultGUID=B7D15EC3-160A-466F-A46C-7801FE6295A7 New VaultGUID= Old ItemGUID=2C433E9B-7D2E-4566-A735-7160EEA13E4A New ItemGUID= Old RevisionGUID=DA2855A4-9B58-49E6-B5FD-A205B4737187 New RevisionGUID=
Change component parameters: Designator = "D1" ("D1"); Footprint = "FP-SMBJ-CA-MFG"; UniqueID = "\ZMGFHYOT" ("\ZMGFHYOT")
Change component parameters (AddParameter): Name = "BOM名称"; Value = "肖特基二极管"; VariantName = "[No Variations]"
Change component parameters (AddParameter): Name = "属性"; Value = "40V/1A"; VariantName = "[No Variations]"
Change component parameters (AddParameter): Name = "联系卖家，免费查找封装"; Value = "唯一出售店铺网址https://shop463601444.taobao.com"; VariantName = "[No Variations]"
Added Component: Designator=C1(C 1206_L)
Add component (AddParameter): Name = "BOM名称"; Value = "无极性贴片电容"; VariantName = "[No Variations]"
Add component (AddParameter): Name = "学习资源"; Value = "www.ooocke.com"; VariantName = "[No Variations]"
Add component (AddParameter): Name = "版权归属"; Value = "源创客"; VariantName = "[No Variations]"
Added Component: Designator=C2(C 1206_L)
Add component (AddParameter): Name = "BOM名称"; Value = "无极性贴片电容"; VariantName = "[No Variations]"
Add component (AddParameter): Name = "学习资源"; Value = "www.ooocke.com"; VariantName = "[No Variations]"
Add component (AddParameter): Name = "版权归属"; Value = "源创客"; VariantName = "[No Variations]"
Added Component: Designator=D2(FP-SMBJ-CA-MFG)
Add component (AddParameter): Name = "Automotive"; Value = "No"; VariantName = "[No Variations]"
Add component (AddParameter): Name = "Breakdown Voltage"; Value = "53.3V"; VariantName = "[No Variations]"
Add component (AddParameter): Name = "Category"; Value = "Diode"; VariantName = "[No Variations]"
Add component (AddParameter): Name = "Clamping Voltage"; Value = "77.4V"; VariantName = "[No Variations]"
Add component (AddParameter): Name = "ComponentLink2Description"; Value = "Datasheet"; VariantName = "[No Variations]"
Add component (AddParameter): Name = "ComponentLink2URL"; Value = "https://www.littelfuse.com/~/media/electronics/datasheets/tvs_diodes/littelfuse_tvs_diode_smbj_datasheet.pdf.pdf"; VariantName = "[No Variations]"
Add component (AddParameter): Name = "Device Class L1"; Value = "Circuit Protection"; VariantName = "[No Variations]"
Add component (AddParameter): Name = "Device Class L2"; Value = "TVS Diodes"; VariantName = "[No Variations]"
Add component (AddParameter): Name = "Device Class L3"; Value = "unset"; VariantName = "[No Variations]"
Add component (AddParameter): Name = "Digikey Description"; Value = "TVS DIODE 48V 77.4V DO214AA"; VariantName = "[No Variations]"
Add component (AddParameter): Name = "Direction"; Value = "Bidirectional"; VariantName = "[No Variations]"
Add component (AddParameter): Name = "Height"; Value = "2.61mm"; VariantName = "[No Variations]"
Add component (AddParameter): Name = "Lead Free"; Value = "Yes"; VariantName = "[No Variations]"
Add component (AddParameter): Name = "Manufacturer"; Value = "Littelfuse Inc"; VariantName = "[No Variations]"
Add component (AddParameter): Name = "Manufacturer Part Number"; Value = "SMBJ48CA"; VariantName = "[No Variations]"
Add component (AddParameter): Name = "Max Junction Temp"; Value = "+150°C"; VariantName = "[No Variations]"
Add component (AddParameter): Name = "Mouser Description"; Value = "In a Pack of 25, Littelfuse SMBJ48CA, Bi-Directional TVS Diode, 600W, 2-Pin DO-214AA"; VariantName = "[No Variations]"
Add component (AddParameter): Name = "Number Of Channels"; Value = "1"; VariantName = "[No Variations]"
Add component (AddParameter): Name = "Octopart"; Value = "https://octopart.com/smbj48ca-littelfuse-350748"; VariantName = "[No Variations]"
Add component (AddParameter): Name = "Package"; Value = "SMBJ-CA"; VariantName = "[No Variations]"
Add component (AddParameter): Name = "Peak Pulse Current"; Value = "7.8A"; VariantName = "[No Variations]"
Add component (AddParameter): Name = "Peak Pulse Power"; Value = "600W"; VariantName = "[No Variations]"
Add component (AddParameter): Name = "Reverse Standoff Voltage"; Value = "48V"; VariantName = "[No Variations]"
Add component (AddParameter): Name = "RoHS"; Value = "TRUE"; VariantName = "[No Variations]"
Add component (AddParameter): Name = "Temperature"; Value = "-65°C to +150°C"; VariantName = "[No Variations]"
Add component (AddParameter): Name = "Temperature Range High"; Value = "+150°C"; VariantName = "[No Variations]"
Add component (AddParameter): Name = "Temperature Range Low"; Value = "-65°C"; VariantName = "[No Variations]"
Added Component: Designator=D3(SOD-323)
Add component (AddParameter): Name = "BOM名称"; Value = "肖特基二极管"; VariantName = "[No Variations]"
Add component (AddParameter): Name = "属性"; Value = "40V/1A"; VariantName = "[No Variations]"
Add component (AddParameter): Name = "联系卖家，免费查找封装"; Value = "唯一出售店铺网址https://shop463601444.taobao.com"; VariantName = "[No Variations]"
Added Pin To Net: NetName=NetD1_2 Pin=C1-1
Added Pin To Net: NetName=PGND Pin=C1-2
Added Pin To Net: NetName=VIN_LINK Pin=C2-1
Added Pin To Net: NetName=PGND Pin=C2-2
Added Pin To Net: NetName=PGND Pin=D2-1
Added Pin To Net: NetName=VIN_LINK Pin=D2-2
Added Pin To Net: NetName=PGND Pin=D3-2
Change Net Name : Old Net Name=NetC7_1 New Net Name=NetC9_1
Change Net Name : Old Net Name=NetC8_2 New Net Name=NetC10_2
Change Net Name : Old Net Name=NetC12_1 New Net Name=NetC14_1
Change Net Name : Old Net Name=NetC12_2 New Net Name=NetC14_2
Change Net Name : Old Net Name=NetC14_2 New Net Name=NetC16_2
Change Net Name : Old Net Name=NetC20_1 New Net Name=NetC22_1
Change Net Name : Old Net Name=NetC20_2 New Net Name=NetC22_2
Change Net Name : Old Net Name=NetC22_2 New Net Name=NetC24_2
Change Net Name : Old Net Name=NetC23_2 New Net Name=NetC25_2
Change Net Name : Old Net Name=NetC24_2 New Net Name=NetC26_2
Change Net Name : Old Net Name=NetC25_2 New Net Name=NetC27_2
Change Net Name : Old Net Name=NetD1_2 New Net Name=NetC1_1
Change Net Name : Old Net Name=NetR9_2 New Net Name=NetR8_2
Added Pin To Net: NetName=NetC9_2 Pin=C9-2
Added Pin To Net: NetName=NetC9_2 Pin=D1-1
Added Pin To Net: NetName=NetC9_2 Pin=D3-1
Added Pin To Net: NetName=NetC9_2 Pin=U1-2
Added Pin To Net: NetName=NetC9_2 Pin=U1-3
Added Net: Name=NetC9_2
Added Member To Class: ClassName=Power Member=Component C23 1uF/10V
Added Member To Class: ClassName=Power Member=Component C24 100nF/50V
Added Member To Class: ClassName=Power Member=Component D3 B16WS
Added Member To Class: ClassName=Power Member=Component D4 DSK36
Added Member To Class: ClassName=Driver Member=Component R22 10k
