Removed Pin From Net: NetName=IA_P Pin=NT2-1
Removed Pin From Net: NetName=IB_P Pin=NT3-1
Removed Pin From Net: NetName=IC_P Pin=NT4-1
Removed Pin From Net: NetName=PGND Pin=NT5-2
Removed Pin From Net: NetName=PGND Pin=NT6-2
Removed Pin From Net: NetName=PGND Pin=NT7-2
Removed Member From Class: ClassName=Power Member=C30
Removed Member From Class: ClassName=Power Member=C31
Removed Member From Class: ClassName=Power Member=D6
Removed Member From Class: ClassName=Power Member=D7
Removed Member From Class: ClassName=Driver Member=NT2
Removed Member From Class: ClassName=Driver Member=NT3
Removed Member From Class: ClassName=Driver Member=NT4
Removed Member From Class: ClassName=Driver Member=NT5
Removed Member From Class: ClassName=Driver Member=NT6
Removed Member From Class: ClassName=Driver Member=NT7
Added Pin To Net: NetName=IA_P Pin=Q5-S
Added Pin To Net: NetName=IA_P Pin=Q5-S
Added Pin To Net: NetName=IA_P Pin=Q5-S
Added Pin To Net: NetName=IB_P Pin=Q6-S
Added Pin To Net: NetName=IB_P Pin=Q6-S
Added Pin To Net: NetName=IB_P Pin=Q6-S
Added Pin To Net: NetName=IC_P Pin=Q7-S
Added Pin To Net: NetName=IC_P Pin=Q7-S
Added Pin To Net: NetName=IC_P Pin=Q7-S
Added Pin To Net: NetName=IA_P Pin=R18-2
Added Pin To Net: NetName=IB_P Pin=R19-2
Added Pin To Net: NetName=IC_P Pin=R20-2
Added Pin To Net: NetName=PGND Pin=U7-4
Added Pin To Net: NetName=PGND Pin=U8-4
Added Pin To Net: NetName=PGND Pin=U9-4
Change Net Name : Old Net Name=PGND New Net Name=IA_N
Added Member To Class: ClassName=Power Member=Component C1 1uF/100V
Added Member To Class: ClassName=Power Member=Component C2 1uF/100V
Added Member To Class: ClassName=Power Member=Component C3 10uF/100V
Added Member To Class: ClassName=Power Member=Component C4 10uF/100V
Added Member To Class: ClassName=Power Member=Component C5 10uF/100V
Added Member To Class: ClassName=Power Member=Component C6 10uF/100V
Added Member To Class: ClassName=Power Member=Component C7 10uF/100V
Added Member To Class: ClassName=Power Member=Component C8 10uF/100V
Added Member To Class: ClassName=Power Member=Component C9 100nF/100V
Added Member To Class: ClassName=Power Member=Component C10 150pF/50V
Added Member To Class: ClassName=Power Member=Component C11 2.2uF/100V
Added Member To Class: ClassName=Power Member=Component C12 2.2uF/100V
Added Member To Class: ClassName=Power Member=Component C13 100nF/100V
Added Member To Class: ClassName=Power Member=Component C14 100nF/100V
Added Member To Class: ClassName=Power Member=Component C15 22uF/16V
Added Member To Class: ClassName=Power Member=Component C16 100pF/50V
Added Member To Class: ClassName=Power Member=Component C17 2.2uF/100V
Added Member To Class: ClassName=Power Member=Component C18 2.2uF/100V
Added Member To Class: ClassName=Power Member=Component C19 100nF/100V
Added Member To Class: ClassName=Power Member=Component C20 22uF/25V
Added Member To Class: ClassName=Power Member=Component C21 22uF/25V
Added Member To Class: ClassName=Power Member=Component C22 100nF/100V
Added Member To Class: ClassName=Power Member=Component C23 1uF/10V
Added Member To Class: ClassName=Power Member=Component C24 100nF/50V
Added Member To Class: ClassName=Driver Member=Component C25 10uF/25V
Added Member To Class: ClassName=Driver Member=Component C26 10uF/25V
Added Member To Class: ClassName=Driver Member=Component C27 10uF/25V
Added Member To Class: ClassName=Driver Member=Component C28 22uF
Added Member To Class: ClassName=Driver Member=Component C29 100nF/50V
Added Member To Class: ClassName=Power Member=Component D2 SMBJ60CA
Added Member To Class: ClassName=Power Member=Component D3 B16WS
Added Member To Class: ClassName=Power Member=Component D4 DSK36
Added Member To Class: ClassName=Driver Member=Component D5 B16WS
Added Member To Class: ClassName=Power Member=Component R8 10k
Added Member To Class: ClassName=Power Member=Component R10 10k
Added Member To Class: ClassName=Power Member=Component U2 SCT2A10A
